Classic Timing Analyzer report for Chapter5-1
Tue May 10 09:39:08 2022
Quartus II 64-Bit Version 9.0 Build 132 02/25/2009 SJ Full Version


---------------------
; Table of Contents ;
---------------------
  1. Legal Notice
  2. Timing Analyzer Summary
  3. Timing Analyzer Settings
  4. Clock Settings Summary
  5. Parallel Compilation
  6. Clock Setup: 'clock'
  7. tsu
  8. tco
  9. th
 10. Timing Analyzer Messages



----------------
; Legal Notice ;
----------------
Copyright (C) 1991-2009 Altera Corporation
Your use of Altera Corporation's design tools, logic functions 
and other software and tools, and its AMPP partner logic 
functions, and any output files from any of the foregoing 
(including device programming or simulation files), and any 
associated documentation or information are expressly subject 
to the terms and conditions of the Altera Program License 
Subscription Agreement, Altera MegaCore Function License 
Agreement, or other applicable license agreement, including, 
without limitation, that your use is for the sole purpose of 
programming logic devices manufactured by Altera and sold by 
Altera or its authorized distributors.  Please refer to the 
applicable agreement for further details.



+------------------------------------------------------------------------------------------------------------------------------------------------------------+
; Timing Analyzer Summary                                                                                                                                    ;
+------------------------------+-------+---------------+------------------------------------------------+------+------+------------+----------+--------------+
; Type                         ; Slack ; Required Time ; Actual Time                                    ; From ; To   ; From Clock ; To Clock ; Failed Paths ;
+------------------------------+-------+---------------+------------------------------------------------+------+------+------------+----------+--------------+
; Worst-case tsu               ; N/A   ; None          ; 2.814 ns                                       ; K    ; inst ; --         ; clock    ; 0            ;
; Worst-case tco               ; N/A   ; None          ; 6.445 ns                                       ; inst ; Q    ; clock      ; --       ; 0            ;
; Worst-case th                ; N/A   ; None          ; -2.405 ns                                      ; J    ; inst ; --         ; clock    ; 0            ;
; Clock Setup: 'clock'         ; N/A   ; None          ; Restricted to 500.00 MHz ( period = 2.000 ns ) ; inst ; inst ; clock      ; clock    ; 0            ;
; Total number of failed paths ;       ;               ;                                                ;      ;      ;            ;          ; 0            ;
+------------------------------+-------+---------------+------------------------------------------------+------+------+------------+----------+--------------+


+--------------------------------------------------------------------------------------------------------------------+
; Timing Analyzer Settings                                                                                           ;
+---------------------------------------------------------------------+--------------------+------+----+-------------+
; Option                                                              ; Setting            ; From ; To ; Entity Name ;
+---------------------------------------------------------------------+--------------------+------+----+-------------+
; Device Name                                                         ; EP2S15F484C3       ;      ;    ;             ;
; Timing Models                                                       ; Final              ;      ;    ;             ;
; Default hold multicycle                                             ; Same as Multicycle ;      ;    ;             ;
; Cut paths between unrelated clock domains                           ; On                 ;      ;    ;             ;
; Cut off read during write signal paths                              ; On                 ;      ;    ;             ;
; Cut off feedback from I/O pins                                      ; On                 ;      ;    ;             ;
; Report Combined Fast/Slow Timing                                    ; Off                ;      ;    ;             ;
; Ignore Clock Settings                                               ; Off                ;      ;    ;             ;
; Analyze latches as synchronous elements                             ; On                 ;      ;    ;             ;
; Enable Recovery/Removal analysis                                    ; Off                ;      ;    ;             ;
; Enable Clock Latency                                                ; Off                ;      ;    ;             ;
; Use TimeQuest Timing Analyzer                                       ; Off                ;      ;    ;             ;
; Number of source nodes to report per destination node               ; 10                 ;      ;    ;             ;
; Number of destination nodes to report                               ; 10                 ;      ;    ;             ;
; Number of paths to report                                           ; 200                ;      ;    ;             ;
; Report Minimum Timing Checks                                        ; Off                ;      ;    ;             ;
; Use Fast Timing Models                                              ; Off                ;      ;    ;             ;
; Report IO Paths Separately                                          ; Off                ;      ;    ;             ;
; Perform Multicorner Analysis                                        ; On                 ;      ;    ;             ;
; Reports the worst-case path for each clock domain and analysis      ; Off                ;      ;    ;             ;
; Removes common clock path pessimism (CCPP) during slack computation ; Off                ;      ;    ;             ;
; Output I/O Timing Endpoint                                          ; Near End           ;      ;    ;             ;
+---------------------------------------------------------------------+--------------------+------+----+-------------+


+------------------------------------------------------------------------------------------------------------------------------------------------------------------------------------+
; Clock Settings Summary                                                                                                                                                             ;
+-----------------+--------------------+----------+------------------+---------------+--------------+----------+-----------------------+---------------------+--------+--------------+
; Clock Node Name ; Clock Setting Name ; Type     ; Fmax Requirement ; Early Latency ; Late Latency ; Based on ; Multiply Base Fmax by ; Divide Base Fmax by ; Offset ; Phase offset ;
+-----------------+--------------------+----------+------------------+---------------+--------------+----------+-----------------------+---------------------+--------+--------------+
; clock           ;                    ; User Pin ; None             ; 0.000 ns      ; 0.000 ns     ; --       ; N/A                   ; N/A                 ; N/A    ;              ;
+-----------------+--------------------+----------+------------------+---------------+--------------+----------+-----------------------+---------------------+--------+--------------+


+------------------------------------------+
; Parallel Compilation                     ;
+----------------------------+-------------+
; Processors                 ; Number      ;
+----------------------------+-------------+
; Number detected on machine ; 4           ;
; Maximum allowed            ; 4           ;
;                            ;             ;
; Average used               ; 1.00        ;
; Maximum used               ; 1           ;
;                            ;             ;
; Usage by Processor         ; % Time Used ;
;     1 processor            ; 100.0%      ;
;     2-4 processors         ;   0.0%      ;
+----------------------------+-------------+


+----------------------------------------------------------------------------------------------------------------------------------------------------------------------------------+
; Clock Setup: 'clock'                                                                                                                                                             ;
+-------+------------------------------------------------+------+------+------------+----------+-----------------------------+---------------------------+-------------------------+
; Slack ; Actual fmax (period)                           ; From ; To   ; From Clock ; To Clock ; Required Setup Relationship ; Required Longest P2P Time ; Actual Longest P2P Time ;
+-------+------------------------------------------------+------+------+------------+----------+-----------------------------+---------------------------+-------------------------+
; N/A   ; Restricted to 500.00 MHz ( period = 2.000 ns ) ; inst ; inst ; clock      ; clock    ; None                        ; None                      ; 0.396 ns                ;
+-------+------------------------------------------------+------+------+------------+----------+-----------------------------+---------------------------+-------------------------+


+------------------------------------------------------------+
; tsu                                                        ;
+-------+--------------+------------+------+------+----------+
; Slack ; Required tsu ; Actual tsu ; From ; To   ; To Clock ;
+-------+--------------+------------+------+------+----------+
; N/A   ; None         ; 2.814 ns   ; K    ; inst ; clock    ;
; N/A   ; None         ; 2.644 ns   ; J    ; inst ; clock    ;
+-------+--------------+------------+------+------+----------+


+------------------------------------------------------------+
; tco                                                        ;
+-------+--------------+------------+------+----+------------+
; Slack ; Required tco ; Actual tco ; From ; To ; From Clock ;
+-------+--------------+------------+------+----+------------+
; N/A   ; None         ; 6.445 ns   ; inst ; Q  ; clock      ;
+-------+--------------+------------+------+----+------------+


+------------------------------------------------------------------+
; th                                                               ;
+---------------+-------------+-----------+------+------+----------+
; Minimum Slack ; Required th ; Actual th ; From ; To   ; To Clock ;
+---------------+-------------+-----------+------+------+----------+
; N/A           ; None        ; -2.405 ns ; J    ; inst ; clock    ;
; N/A           ; None        ; -2.575 ns ; K    ; inst ; clock    ;
+---------------+-------------+-----------+------+------+----------+


+--------------------------+
; Timing Analyzer Messages ;
+--------------------------+
Info: *******************************************************************
Info: Running Quartus II 64-Bit Classic Timing Analyzer
    Info: Version 9.0 Build 132 02/25/2009 SJ Full Version
    Info: Processing started: Tue May 10 09:39:08 2022
Info: Command: quartus_tan --read_settings_files=off --write_settings_files=off Chapter5-1 -c Chapter5-1 --timing_analysis_only
Info: Parallel compilation is enabled and will use 4 of the 4 processors detected
Warning: Found pins functioning as undefined clocks and/or memory enables
    Info: Assuming node "clock" is an undefined clock
Info: Clock "clock" Internal fmax is restricted to 500.0 MHz between source register "inst" and destination register "inst"
    Info: fmax restricted to clock pin edge rate 2.0 ns. Expand message to see actual delay path.
        Info: + Longest register to register delay is 0.396 ns
            Info: 1: + IC(0.000 ns) + CELL(0.000 ns) = 0.000 ns; Loc. = LCFF_X18_Y16_N3; Fanout = 2; REG Node = 'inst'
            Info: 2: + IC(0.000 ns) + CELL(0.241 ns) = 0.241 ns; Loc. = LCCOMB_X18_Y16_N2; Fanout = 1; COMB Node = 'inst~3'
            Info: 3: + IC(0.000 ns) + CELL(0.155 ns) = 0.396 ns; Loc. = LCFF_X18_Y16_N3; Fanout = 2; REG Node = 'inst'
            Info: Total cell delay = 0.396 ns ( 100.00 % )
        Info: - Smallest clock skew is 0.000 ns
            Info: + Shortest clock path from clock "clock" to destination register is 2.716 ns
                Info: 1: + IC(0.000 ns) + CELL(0.809 ns) = 0.809 ns; Loc. = PIN_AA12; Fanout = 1; CLK Node = 'clock'
                Info: 2: + IC(1.289 ns) + CELL(0.618 ns) = 2.716 ns; Loc. = LCFF_X18_Y16_N3; Fanout = 2; REG Node = 'inst'
                Info: Total cell delay = 1.427 ns ( 52.54 % )
                Info: Total interconnect delay = 1.289 ns ( 47.46 % )
            Info: - Longest clock path from clock "clock" to source register is 2.716 ns
                Info: 1: + IC(0.000 ns) + CELL(0.809 ns) = 0.809 ns; Loc. = PIN_AA12; Fanout = 1; CLK Node = 'clock'
                Info: 2: + IC(1.289 ns) + CELL(0.618 ns) = 2.716 ns; Loc. = LCFF_X18_Y16_N3; Fanout = 2; REG Node = 'inst'
                Info: Total cell delay = 1.427 ns ( 52.54 % )
                Info: Total interconnect delay = 1.289 ns ( 47.46 % )
        Info: + Micro clock to output delay of source is 0.094 ns
        Info: + Micro setup delay of destination is 0.090 ns
Info: tsu for register "inst" (data pin = "K", clock pin = "clock") is 2.814 ns
    Info: + Longest pin to register delay is 5.440 ns
        Info: 1: + IC(0.000 ns) + CELL(0.819 ns) = 0.819 ns; Loc. = PIN_A13; Fanout = 1; PIN Node = 'K'
        Info: 2: + IC(4.088 ns) + CELL(0.378 ns) = 5.285 ns; Loc. = LCCOMB_X18_Y16_N2; Fanout = 1; COMB Node = 'inst~3'
        Info: 3: + IC(0.000 ns) + CELL(0.155 ns) = 5.440 ns; Loc. = LCFF_X18_Y16_N3; Fanout = 2; REG Node = 'inst'
        Info: Total cell delay = 1.352 ns ( 24.85 % )
        Info: Total interconnect delay = 4.088 ns ( 75.15 % )
    Info: + Micro setup delay of destination is 0.090 ns
    Info: - Shortest clock path from clock "clock" to destination register is 2.716 ns
        Info: 1: + IC(0.000 ns) + CELL(0.809 ns) = 0.809 ns; Loc. = PIN_AA12; Fanout = 1; CLK Node = 'clock'
        Info: 2: + IC(1.289 ns) + CELL(0.618 ns) = 2.716 ns; Loc. = LCFF_X18_Y16_N3; Fanout = 2; REG Node = 'inst'
        Info: Total cell delay = 1.427 ns ( 52.54 % )
        Info: Total interconnect delay = 1.289 ns ( 47.46 % )
Info: tco from clock "clock" to destination pin "Q" through register "inst" is 6.445 ns
    Info: + Longest clock path from clock "clock" to source register is 2.716 ns
        Info: 1: + IC(0.000 ns) + CELL(0.809 ns) = 0.809 ns; Loc. = PIN_AA12; Fanout = 1; CLK Node = 'clock'
        Info: 2: + IC(1.289 ns) + CELL(0.618 ns) = 2.716 ns; Loc. = LCFF_X18_Y16_N3; Fanout = 2; REG Node = 'inst'
        Info: Total cell delay = 1.427 ns ( 52.54 % )
        Info: Total interconnect delay = 1.289 ns ( 47.46 % )
    Info: + Micro clock to output delay of source is 0.094 ns
    Info: + Longest register to pin delay is 3.635 ns
        Info: 1: + IC(0.000 ns) + CELL(0.000 ns) = 0.000 ns; Loc. = LCFF_X18_Y16_N3; Fanout = 2; REG Node = 'inst'
        Info: 2: + IC(1.491 ns) + CELL(2.144 ns) = 3.635 ns; Loc. = PIN_L3; Fanout = 0; PIN Node = 'Q'
        Info: Total cell delay = 2.144 ns ( 58.98 % )
        Info: Total interconnect delay = 1.491 ns ( 41.02 % )
Info: th for register "inst" (data pin = "J", clock pin = "clock") is -2.405 ns
    Info: + Longest clock path from clock "clock" to destination register is 2.716 ns
        Info: 1: + IC(0.000 ns) + CELL(0.809 ns) = 0.809 ns; Loc. = PIN_AA12; Fanout = 1; CLK Node = 'clock'
        Info: 2: + IC(1.289 ns) + CELL(0.618 ns) = 2.716 ns; Loc. = LCFF_X18_Y16_N3; Fanout = 2; REG Node = 'inst'
        Info: Total cell delay = 1.427 ns ( 52.54 % )
        Info: Total interconnect delay = 1.289 ns ( 47.46 % )
    Info: + Micro hold delay of destination is 0.149 ns
    Info: - Shortest pin to register delay is 5.270 ns
        Info: 1: + IC(0.000 ns) + CELL(0.864 ns) = 0.864 ns; Loc. = PIN_M20; Fanout = 1; PIN Node = 'J'
        Info: 2: + IC(3.979 ns) + CELL(0.272 ns) = 5.115 ns; Loc. = LCCOMB_X18_Y16_N2; Fanout = 1; COMB Node = 'inst~3'
        Info: 3: + IC(0.000 ns) + CELL(0.155 ns) = 5.270 ns; Loc. = LCFF_X18_Y16_N3; Fanout = 2; REG Node = 'inst'
        Info: Total cell delay = 1.291 ns ( 24.50 % )
        Info: Total interconnect delay = 3.979 ns ( 75.50 % )
Info: Quartus II 64-Bit Classic Timing Analyzer was successful. 0 errors, 1 warning
    Info: Peak virtual memory: 4371 megabytes
    Info: Processing ended: Tue May 10 09:39:08 2022
    Info: Elapsed time: 00:00:00
    Info: Total CPU time (on all processors): 00:00:00


