Classic Timing Analyzer report for Chapter3-2
Sun Apr 17 21:41:37 2022
Quartus II Version 9.0 Build 132 02/25/2009 SJ Full Version


---------------------
; Table of Contents ;
---------------------
  1. Legal Notice
  2. Timing Analyzer Summary
  3. Timing Analyzer Settings
  4. Parallel Compilation
  5. tpd
  6. Timing Analyzer Messages



----------------
; Legal Notice ;
----------------
Copyright (C) 1991-2009 Altera Corporation
Your use of Altera Corporation's design tools, logic functions 
and other software and tools, and its AMPP partner logic 
functions, and any output files from any of the foregoing 
(including device programming or simulation files), and any 
associated documentation or information are expressly subject 
to the terms and conditions of the Altera Program License 
Subscription Agreement, Altera MegaCore Function License 
Agreement, or other applicable license agreement, including, 
without limitation, that your use is for the sole purpose of 
programming logic devices manufactured by Altera and sold by 
Altera or its authorized distributors.  Please refer to the 
applicable agreement for further details.



+-----------------------------------------------------------------------------------------------------------------------+
; Timing Analyzer Summary                                                                                               ;
+------------------------------+-------+---------------+-------------+------+----+------------+----------+--------------+
; Type                         ; Slack ; Required Time ; Actual Time ; From ; To ; From Clock ; To Clock ; Failed Paths ;
+------------------------------+-------+---------------+-------------+------+----+------------+----------+--------------+
; Worst-case tpd               ; N/A   ; None          ; 9.907 ns    ; A0   ; S1 ; --         ; --       ; 0            ;
; Total number of failed paths ;       ;               ;             ;      ;    ;            ;          ; 0            ;
+------------------------------+-------+---------------+-------------+------+----+------------+----------+--------------+


+--------------------------------------------------------------------------------------------------------------------+
; Timing Analyzer Settings                                                                                           ;
+---------------------------------------------------------------------+--------------------+------+----+-------------+
; Option                                                              ; Setting            ; From ; To ; Entity Name ;
+---------------------------------------------------------------------+--------------------+------+----+-------------+
; Device Name                                                         ; EP2S15F484C3       ;      ;    ;             ;
; Timing Models                                                       ; Final              ;      ;    ;             ;
; Default hold multicycle                                             ; Same as Multicycle ;      ;    ;             ;
; Cut paths between unrelated clock domains                           ; On                 ;      ;    ;             ;
; Cut off read during write signal paths                              ; On                 ;      ;    ;             ;
; Cut off feedback from I/O pins                                      ; On                 ;      ;    ;             ;
; Report Combined Fast/Slow Timing                                    ; Off                ;      ;    ;             ;
; Ignore Clock Settings                                               ; Off                ;      ;    ;             ;
; Analyze latches as synchronous elements                             ; On                 ;      ;    ;             ;
; Enable Recovery/Removal analysis                                    ; Off                ;      ;    ;             ;
; Enable Clock Latency                                                ; Off                ;      ;    ;             ;
; Use TimeQuest Timing Analyzer                                       ; Off                ;      ;    ;             ;
; Number of source nodes to report per destination node               ; 10                 ;      ;    ;             ;
; Number of destination nodes to report                               ; 10                 ;      ;    ;             ;
; Number of paths to report                                           ; 200                ;      ;    ;             ;
; Report Minimum Timing Checks                                        ; Off                ;      ;    ;             ;
; Use Fast Timing Models                                              ; Off                ;      ;    ;             ;
; Report IO Paths Separately                                          ; Off                ;      ;    ;             ;
; Perform Multicorner Analysis                                        ; On                 ;      ;    ;             ;
; Reports the worst-case path for each clock domain and analysis      ; Off                ;      ;    ;             ;
; Removes common clock path pessimism (CCPP) during slack computation ; Off                ;      ;    ;             ;
; Output I/O Timing Endpoint                                          ; Near End           ;      ;    ;             ;
+---------------------------------------------------------------------+--------------------+------+----+-------------+


+------------------------------------------+
; Parallel Compilation                     ;
+----------------------------+-------------+
; Processors                 ; Number      ;
+----------------------------+-------------+
; Number detected on machine ; 4           ;
; Maximum allowed            ; 4           ;
;                            ;             ;
; Average used               ; 1.00        ;
; Maximum used               ; 1           ;
;                            ;             ;
; Usage by Processor         ; % Time Used ;
;     1 processor            ; 100.0%      ;
;     2-4 processors         ;   0.0%      ;
+----------------------------+-------------+


+---------------------------------------------------------+
; tpd                                                     ;
+-------+-------------------+-----------------+------+----+
; Slack ; Required P2P Time ; Actual P2P Time ; From ; To ;
+-------+-------------------+-----------------+------+----+
; N/A   ; None              ; 9.907 ns        ; A0   ; S1 ;
; N/A   ; None              ; 9.743 ns        ; A1   ; S1 ;
; N/A   ; None              ; 9.634 ns        ; B0   ; S1 ;
; N/A   ; None              ; 9.574 ns        ; A0   ; E  ;
; N/A   ; None              ; 9.554 ns        ; A0   ; S3 ;
; N/A   ; None              ; 9.520 ns        ; A0   ; S0 ;
; N/A   ; None              ; 9.426 ns        ; B0   ; E  ;
; N/A   ; None              ; 9.419 ns        ; A1   ; E  ;
; N/A   ; None              ; 9.406 ns        ; B0   ; S3 ;
; N/A   ; None              ; 9.399 ns        ; A1   ; S3 ;
; N/A   ; None              ; 9.258 ns        ; A0   ; S2 ;
; N/A   ; None              ; 9.247 ns        ; B0   ; S0 ;
; N/A   ; None              ; 9.245 ns        ; B1   ; S1 ;
; N/A   ; None              ; 9.129 ns        ; B2   ; S2 ;
; N/A   ; None              ; 9.031 ns        ; B1   ; E  ;
; N/A   ; None              ; 9.011 ns        ; B1   ; S3 ;
; N/A   ; None              ; 8.986 ns        ; B0   ; S2 ;
; N/A   ; None              ; 8.977 ns        ; A1   ; S2 ;
; N/A   ; None              ; 8.950 ns        ; A2   ; S2 ;
; N/A   ; None              ; 8.929 ns        ; A2   ; S3 ;
; N/A   ; None              ; 8.915 ns        ; B2   ; E  ;
; N/A   ; None              ; 8.895 ns        ; B2   ; S3 ;
; N/A   ; None              ; 8.725 ns        ; A2   ; E  ;
; N/A   ; None              ; 8.587 ns        ; B1   ; S2 ;
; N/A   ; None              ; 8.395 ns        ; B3   ; E  ;
; N/A   ; None              ; 8.341 ns        ; B3   ; S3 ;
; N/A   ; None              ; 8.264 ns        ; A3   ; E  ;
; N/A   ; None              ; 8.243 ns        ; A3   ; S3 ;
+-------+-------------------+-----------------+------+----+


+--------------------------+
; Timing Analyzer Messages ;
+--------------------------+
Info: *******************************************************************
Info: Running Quartus II Classic Timing Analyzer
    Info: Version 9.0 Build 132 02/25/2009 SJ Full Version
    Info: Processing started: Sun Apr 17 21:41:37 2022
Info: Command: quartus_tan --read_settings_files=off --write_settings_files=off Chapter3-2 -c Chapter3-2 --timing_analysis_only
Info: Parallel compilation is enabled and will use 4 of the 4 processors detected
Info: Longest tpd from source pin "A0" to destination pin "S1" is 9.907 ns
    Info: 1: + IC(0.000 ns) + CELL(0.809 ns) = 0.809 ns; Loc. = PIN_AA13; Fanout = 4; PIN Node = 'A0'
    Info: 2: + IC(4.660 ns) + CELL(0.366 ns) = 5.835 ns; Loc. = LCCOMB_X26_Y15_N16; Fanout = 1; COMB Node = '4bit_sum:inst|whole:inst1|inst2'
    Info: 3: + IC(1.938 ns) + CELL(2.134 ns) = 9.907 ns; Loc. = PIN_U4; Fanout = 0; PIN Node = 'S1'
    Info: Total cell delay = 3.309 ns ( 33.40 % )
    Info: Total interconnect delay = 6.598 ns ( 66.60 % )
Info: Quartus II Classic Timing Analyzer was successful. 0 errors, 0 warnings
    Info: Peak virtual memory: 192 megabytes
    Info: Processing ended: Sun Apr 17 21:41:37 2022
    Info: Elapsed time: 00:00:00
    Info: Total CPU time (on all processors): 00:00:00


